<?xml version="1.0" encoding="UTF-8"?>
<!-- Generated by org.testng.reporters.JUnitReportReporter -->
<testsuite hostname="MELWIN" name="com.CucumberBooking.testRunner.TestRunner" tests="3" failures="0" timestamp="21 Jan 2020 08:22:11 GMT" time="120.306" errors="0">
  <testcase name="feature" time="56.217" classname="com.CucumberBooking.testRunner.TestRunner"/>
  <testcase name="feature" time="44.815" classname="com.CucumberBooking.testRunner.TestRunner"/>
  <testcase name="feature" time="19.274" classname="com.CucumberBooking.testRunner.TestRunner"/>
</testsuite> <!-- com.CucumberBooking.testRunner.TestRunner -->
